TN:
SF:public/src/view.js
FN:2,<instance_members_initializer>
FN:7,#submitFn
FN:9,View
FN:11,initialize
FN:20,#onSubmit
FN:50,configureOnSubmit
FN:59,updateList
FN:60,template
FNF:8
FNH:7
FNDA:4,<instance_members_initializer>
FNDA:0,#submitFn
FNDA:4,View
FNDA:3,initialize
FNDA:3,#onSubmit
FNDA:1,configureOnSubmit
FNDA:1,updateList
FNDA:1,template
DA:1,1
DA:2,1
DA:3,4
DA:4,4
DA:5,4
DA:6,4
DA:7,4
DA:8,4
DA:9,4
DA:10,4
DA:11,4
DA:12,3
DA:13,3
DA:14,3
DA:15,3
DA:16,4
DA:17,4
DA:18,4
DA:19,4
DA:20,4
DA:21,3
DA:22,3
DA:23,3
DA:24,3
DA:25,2
DA:26,2
DA:27,2
DA:28,2
DA:29,2
DA:30,1
DA:31,1
DA:32,1
DA:33,1
DA:34,1
DA:35,1
DA:36,1
DA:37,1
DA:38,1
DA:39,1
DA:40,1
DA:41,1
DA:42,1
DA:43,1
DA:44,1
DA:45,1
DA:46,3
DA:47,4
DA:48,4
DA:49,4
DA:50,4
DA:51,1
DA:52,1
DA:53,4
DA:54,4
DA:55,4
DA:56,4
DA:57,4
DA:58,4
DA:59,4
DA:60,1
DA:61,1
DA:62,1
DA:63,1
DA:64,1
DA:65,1
DA:66,1
DA:67,1
DA:68,1
DA:69,1
DA:70,1
DA:71,1
DA:72,1
DA:73,1
DA:74,1
DA:75,1
DA:76,1
DA:77,4
LF:77
LH:77
BRDA:2,0,0,4
BRDA:9,1,0,4
BRDA:11,2,0,3
BRDA:20,3,0,3
BRDA:24,4,0,2
BRDA:29,5,0,1
BRDA:30,6,0,1
BRDA:50,7,0,1
BRDA:59,8,0,1
BRDA:60,9,0,1
BRF:10
BRH:10
end_of_record
