TN:
SF:src/index.js
FNF:0
FNH:0
DA:1,1
DA:2,1
DA:3,1
DA:4,1
DA:5,1
DA:6,1
DA:7,1
DA:8,1
DA:9,1
DA:10,1
DA:11,1
DA:12,1
DA:13,1
DA:14,1
DA:15,1
DA:16,1
DA:17,1
DA:18,1
DA:19,1
DA:20,1
DA:21,1
DA:22,1
LF:22
LH:22
BRDA:4,0,0,1
BRF:1
BRH:1
end_of_record
TN:
SF:src/person.js
FN:2,validate
FN:7,format
FN:16,save
FN:24,process
FNF:4
FNH:4
FNDA:5,validate
FNDA:1,format
FNDA:1,save
FNDA:5,process
DA:1,1
DA:2,1
DA:3,5
DA:4,5
DA:5,5
DA:6,1
DA:7,1
DA:8,1
DA:9,1
DA:10,1
DA:11,1
DA:12,1
DA:13,1
DA:14,1
DA:15,1
DA:16,1
DA:17,1
DA:18,0
DA:19,0
DA:20,1
DA:21,1
DA:22,1
DA:23,1
DA:24,1
DA:25,5
DA:26,5
DA:27,5
DA:28,5
DA:29,5
DA:30,1
DA:31,1
DA:32,1
LF:32
LH:30
BRDA:2,0,0,5
BRDA:3,1,0,2
BRDA:4,2,0,3
BRDA:4,3,0,2
BRDA:7,4,0,1
BRDA:16,5,0,1
BRDA:17,6,0,0
BRDA:17,7,0,3
BRDA:24,8,0,5
BRF:9
BRH:8
end_of_record
TN:
SF:src/server.js
FNF:0
FNH:0
DA:1,1
DA:2,1
DA:3,1
DA:4,1
DA:5,1
DA:6,7
DA:7,1
DA:8,1
DA:9,1
DA:10,1
DA:11,6
DA:12,6
DA:13,6
DA:14,6
DA:15,6
DA:16,6
DA:17,7
DA:18,5
DA:19,4
DA:20,4
DA:21,4
DA:22,4
DA:23,4
DA:24,4
DA:25,4
DA:26,4
DA:27,4
DA:28,1
DA:29,1
DA:30,1
DA:31,1
DA:32,7
DA:33,7
DA:34,1
DA:35,1
LF:35
LH:35
BRDA:5,0,0,7
BRDA:6,1,0,1
BRDA:10,2,0,6
BRDA:17,3,0,5
BRDA:18,4,0,4
BRDA:27,5,0,1
BRF:6
BRH:6
end_of_record
