TN:
SF:src/api.js
FN:7,getUserCategory
FNF:1
FNH:1
FNDA:2,getUserCategory
DA:1,1
DA:2,1
DA:3,1
DA:4,1
DA:5,1
DA:6,1
DA:7,2
DA:8,2
DA:9,2
DA:10,2
DA:11,0
DA:12,0
DA:13,0
DA:14,1
DA:15,1
DA:16,3
DA:17,3
DA:18,2
DA:19,2
DA:20,2
DA:21,2
DA:22,2
DA:23,2
DA:24,2
DA:25,2
DA:26,2
DA:27,2
DA:28,2
DA:29,2
DA:30,2
DA:31,2
DA:32,2
DA:33,1
DA:34,3
DA:35,1
DA:36,1
DA:37,1
DA:38,1
DA:39,1
DA:40,0
DA:41,3
DA:42,1
DA:43,1
DA:44,1
DA:45,1
DA:46,1
DA:47,1
DA:48,1
DA:49,1
DA:50,1
DA:51,0
DA:52,0
DA:53,0
DA:54,3
DA:55,3
DA:56,1
DA:57,1
LF:57
LH:50
BRDA:7,0,0,2
BRDA:9,1,0,1
BRDA:10,2,0,1
BRDA:11,3,0,0
BRDA:15,4,0,3
BRDA:17,5,0,2
BRDA:17,6,0,2
BRDA:32,7,0,1
BRDA:34,8,0,1
BRDA:39,9,0,0
BRDA:41,10,0,1
BRDA:50,11,0,0
BRDA:36,12,0,1
BRF:13
BRH:10
end_of_record
