TN:
SF:src/person.js
FN:1,mapPerson
FNF:1
FNH:1
FNDA:3,mapPerson
DA:1,1
DA:2,3
DA:3,3
DA:4,3
DA:5,3
DA:6,3
DA:7,3
DA:8,3
DA:9,3
LF:9
LH:9
BRDA:1,0,0,3
BRF:1
BRH:1
end_of_record
TN:
SF:src/task.js
FN:1,<instance_members_initializer>
FN:3,save
FN:10,run
FNF:3
FNH:3
FNDA:2,<instance_members_initializer>
FNDA:2,save
FNDA:1,run
DA:1,1
DA:2,2
DA:3,2
DA:4,2
DA:5,2
DA:6,2
DA:7,2
DA:8,2
DA:9,2
DA:10,2
DA:11,1
DA:12,50
DA:13,50
DA:14,0
DA:15,0
DA:16,0
DA:17,0
DA:18,50
DA:19,50
DA:20,75
DA:21,2
DA:22,2
DA:23,2
DA:24,75
DA:25,1
DA:26,1
DA:27,2
LF:27
LH:23
BRDA:1,0,0,2
BRDA:3,1,0,2
BRDA:10,2,0,1
BRDA:11,3,0,50
BRDA:13,4,0,0
BRDA:19,5,0,75
BRDA:20,6,0,2
BRF:7
BRH:6
end_of_record
